
****** Vivado(TM) HLS - High-Level Synthesis from C, C++ and SystemC v2020.1 (64-bit)
  **** SW Build 2902540 on Wed May 27 19:54:49 MDT 2020
  **** IP Build 2902112 on Wed May 27 22:43:36 MDT 2020
    ** Copyright 1986-2020 Xilinx, Inc. All Rights Reserved.

source C:/Xilinx/Vivado/2020.1/scripts/vivado_hls/hls.tcl -notrace
INFO: [HLS 200-10] Running 'C:/Xilinx/Vivado/2020.1/bin/unwrapped/win64.o/vivado_hls.exe'
INFO: [HLS 200-10] For user 'eweinstock6' on host 'mirc161-07' (Windows NT_amd64 version 6.2) on Fri Feb 11 14:38:32 -0500 2022
INFO: [HLS 200-10] In directory 'C:/Users/eweinstock6/Documents/hls4ml/scripts/lenet5-proj'
Sourcing Tcl script 'build_prj.tcl'
INFO: [HLS 200-10] Opening project 'C:/Users/eweinstock6/Documents/hls4ml/scripts/lenet5-proj/lenet5_prj'.
INFO: [HLS 200-10] Adding design file 'firmware/lenet5.cpp' to the project
INFO: [HLS 200-10] Adding test bench file 'lenet5_test.cpp' to the project
INFO: [HLS 200-10] Adding test bench file 'firmware/weights' to the project
INFO: [HLS 200-10] Adding test bench file 'tb_data' to the project
INFO: [HLS 200-10] Opening solution 'C:/Users/eweinstock6/Documents/hls4ml/scripts/lenet5-proj/lenet5_prj/solution1'.
INFO: [SYN 201-201] Setting up clock 'default' with a period of 10ns.
INFO: [HLS 200-10] Setting target device to 'xc7vx485t-ffg1761-2'
INFO: [XFORM 203-101] Allowed max sub elements number after partition is 4096.
INFO: [XFORM 203-1161] The maximum of name length is set into 60.
INFO: [XFORM 203-101] Allowed max sub elements number after partition is 4096.
INFO: [XFORM 203-1161] The maximum of name length is set into 60.
***** C/RTL SYNTHESIS *****
INFO: [SCHED 204-61] Option 'relax_ii_for_timing' is enabled, will increase II to preserve clock frequency constraints.
INFO: [HLS 200-10] Analyzing design file 'firmware/lenet5.cpp' ... 
WARNING: [HLS 200-40] In file included from firmware/lenet5.cpp:1:
In file included from firmware/lenet5.cpp:31:
In file included from firmware/parameters.h:11:
In file included from firmware/nnet_utils/nnet_conv2d.h:24:
firmware/nnet_utils/nnet_conv2d_latency.h:214:69: warning: comparison of unsigned expression < 0 is always false [-Wtautological-compare]
                                if ((oh*CONFIG_T::stride_height+fh) < CONFIG_T::pad_top
                                    ~~~~~~~~~~~~~~~~~~~~~~~~~~~~~~~ ^ ~~~~~~~~~~~~~~~~~
firmware/nnet_utils/nnet_conv2d.h:83:9: note: in instantiation of function template specialization 'nnet::conv_2d_latency_cl<ap_ufixed<1, 1, 1, 0, 0>, ap_ufixed<1, 1, 1, 0, 0>, config2>' requested here
        conv_2d_latency_cl<data_T, res_T, CONFIG_T>(data, res, weights, biases);
        ^
firmware/lenet5.cpp:75:2: note: in instantiation of function template specialization 'nnet::conv_2d_cl<ap_ufixed<1, 1, 1, 0, 0>, ap_ufixed<1, 1, 1, 0, 0>, config2>' requested here
 nnet::conv_2d_cl<input_t, layer2_t, config2>(conv2d_input, layer2_out, w2, b2);
 ^
In file included from firmware/lenet5.cpp:1:
In file included from firmware/lenet5.cpp:31:
In file included from firmware/parameters.h:11:
In file included from firmware/nnet_utils/nnet_conv2d.h:24:
firmware/nnet_utils/nnet_conv2d_latency.h:216:67: warning: comparison of unsigned expression < 0 is always false [-Wtautological-compare]
                                || (ow*CONFIG_T::stride_width+fw) < CONFIG_T::pad_left
                                   ~~~~~~~~~~~~~~~~~~~~~~~~~~~~~~ ^ ~~~~~~~~~~~~~~~~~~
firmware/nnet_utils/nnet_conv2d_latency.h:30:69: warning: comparison of unsigned expression < 0 is always false [-Wtautological-compare]
                                if ((oh*CONFIG_T::stride_height+fh) < CONFIG_T::pad_top
                                    ~~~~~~~~~~~~~~~~~~~~~~~~~~~~~~~ ^ ~~~~~~~~~~~~~~~~~
firmware/nnet_utils/nnet_conv2d_latency.h:191:31: note: in instantiation of function template specialization 'nnet::compute_multiplier_limit_conv2d<config2>' requested here
 const int multiplier_limit = compute_multiplier_limit_conv2d<CONFIG_T>(weights);
                              ^
firmware/nnet_utils/nnet_conv2d.h:83:9: note: in instantiation of function template specialization 'nnet::conv_2d_latency_cl<ap_ufixed<1, 1, 1, 0, 0>, ap_ufixed<1, 1, 1, 0, 0>, config2>' requested here
        conv_2d_latency_cl<data_T, res_T, CONFIG_T>(data, res, weights, biases);
        ^
firmware/lenet5.cpp:75:2: note: in instantiation of function template specialization 'nnet::conv_2d_cl<ap_ufixed<1, 1, 1, 0, 0>, ap_ufixed<1, 1, 1, 0, 0>, config2>' requested here
 nnet::conv_2d_cl<input_t, layer2_t, config2>(conv2d_input, layer2_out, w2, b2);
 ^
In file included from firmware/lenet5.cpp:1:
In file included from firmware/lenet5.cpp:31:
In file included from firmware/parameters.h:11:
In file included from firmware/nnet_utils/nnet_conv2d.h:24:
firmware/nnet_utils/nnet_conv2d_latency.h:32:67: warning: comparison of unsigned expression < 0 is always false [-Wtautological-compare]
                                || (ow*CONFIG_T::stride_width+fw) < CONFIG_T::pad_left
                                   ~~~~~~~~~~~~~~~~~~~~~~~~~~~~~~ ^ ~~~~~~~~~~~~~~~~~~
firmware/nnet_utils/nnet_conv2d_latency.h:214:69: warning: comparison of unsigned expression < 0 is always false [-Wtautological-compare]
                                if ((oh*CONFIG_T::stride_height+fh) < CONFIG_T::pad_top
                                    ~~~~~~~~~~~~~~~~~~~~~~~~~~~~~~~ ^ ~~~~~~~~~~~~~~~~~
firmware/nnet_utils/nnet_conv2d.h:83:9: note: in instantiation of function template specialization 'nnet::conv_2d_latency_cl<ap_ufixed<1, 1, 1, 0, 0>, ap_ufixed<1, 1, 1, 0, 0>, config5>' requested here
        conv_2d_latency_cl<data_T, res_T, CONFIG_T>(data, res, weights, biases);
        ^
firmware/lenet5.cpp:83:2: note: in instantiation of function template specialization 'nnet::conv_2d_cl<ap_ufixed<1, 1, 1, 0, 0>, ap_ufixed<1, 1, 1, 0, 0>, config5>' requested here
 nnet::conv_2d_cl<layer4_t, layer5_t, config5>(layer4_out, layer5_out, w5, b5);
 ^
In file included from firmware/lenet5.cpp:1:
In file included from firmware/lenet5.cpp:31:
In file included from firmware/parameters.h:11:
In file included from firmware/nnet_utils/nnet_conv2d.h:24:
firmware/nnet_utils/nnet_conv2d_latency.h:216:67: warning: comparison of unsigned expression < 0 is always false [-Wtautological-compare]
                                || (ow*CONFIG_T::stride_width+fw) < CONFIG_T::pad_left
                                   ~~~~~~~~~~~~~~~~~~~~~~~~~~~~~~ ^ ~~~~~~~~~~~~~~~~~~
firmware/nnet_utils/nnet_conv2d_latency.h:30:69: warning: comparison of unsigned expression < 0 is always false [-Wtautological-compare]
                                if ((oh*CONFIG_T::stride_height+fh) < CONFIG_T::pad_top
                                    ~~~~~~~~~~~~~~~~~~~~~~~~~~~~~~~ ^ ~~~~~~~~~~~~~~~~~
firmware/nnet_utils/nnet_conv2d_latency.h:191:31: note: in instantiation of function template specialization 'nnet::compute_multiplier_limit_conv2d<config5>' requested here
 const int multiplier_limit = compute_multiplier_limit_conv2d<CONFIG_T>(weights);
                              ^
firmware/nnet_utils/nnet_conv2d.h:83:9: note: in instantiation of function template specialization 'nnet::conv_2d_latency_cl<ap_ufixed<1, 1, 1, 0, 0>, ap_ufixed<1, 1, 1, 0, 0>, config5>' requested here
        conv_2d_latency_cl<data_T, res_T, CONFIG_T>(data, res, weights, biases);
        ^
firmware/lenet5.cpp:83:2: note: in instantiation of function template specialization 'nnet::conv_2d_cl<ap_ufixed<1, 1, 1, 0, 0>, ap_ufixed<1, 1, 1, 0, 0>, config5>' requested here
 nnet::conv_2d_cl<layer4_t, layer5_t, config5>(layer4_out, layer5_out, w5, b5);
 ^
In file included from firmware/lenet5.cpp:1:
In file included from firmware/lenet5.cpp:31:
In file included from firmware/parameters.h:11:
In file included from firmware/nnet_utils/nnet_conv2d.h:24:
firmware/nnet_utils/nnet_conv2d_latency.h:32:67: warning: comparison of unsigned expression < 0 is always false [-Wtautological-compare]
                                || (ow*CONFIG_T::stride_width+fw) < CONFIG_T::pad_left
                                   ~~~~~~~~~~~~~~~~~~~~~~~~~~~~~~ ^ ~~~~~~~~~~~~~~~~~~
8 warnings generated.
WARNING: [HLS 214-113] Either use an argument of the function or declare the variable inside the dataflow loop body: firmware/lenet5.cpp:75:73
WARNING: [HLS 214-113] Either use an argument of the function or declare the variable inside the dataflow loop body: firmware/lenet5.cpp:75:77
WARNING: [HLS 214-113] Either use an argument of the function or declare the variable inside the dataflow loop body: firmware/lenet5.cpp:83:72
WARNING: [HLS 214-113] Either use an argument of the function or declare the variable inside the dataflow loop body: firmware/lenet5.cpp:83:76
WARNING: [HLS 214-113] Either use an argument of the function or declare the variable inside the dataflow loop body: firmware/lenet5.cpp:91:67
WARNING: [HLS 214-113] Either use an argument of the function or declare the variable inside the dataflow loop body: firmware/lenet5.cpp:91:71
WARNING: [HLS 214-113] Either use an argument of the function or declare the variable inside the dataflow loop body: firmware/lenet5.cpp:95:70
WARNING: [HLS 214-113] Either use an argument of the function or declare the variable inside the dataflow loop body: firmware/lenet5.cpp:95:75
WARNING: [HLS 214-113] Either use an argument of the function or declare the variable inside the dataflow loop body: firmware/lenet5.cpp:99:72
WARNING: [HLS 214-113] Either use an argument of the function or declare the variable inside the dataflow loop body: firmware/lenet5.cpp:99:77
WARNING: [HLS 214-114] Since the only kind of statements allowed in a canonical dataflow region are variable declarations and function calls, the compiler may not be able to correctly handle the region: firmware/lenet5.cpp:46:2
WARNING: [HLS 214-114] Since the only kind of statements allowed in a canonical dataflow region are variable declarations and function calls, the compiler may not be able to correctly handle the region: firmware/lenet5.cpp:47:5
WARNING: [HLS 214-114] Since the only kind of statements allowed in a canonical dataflow region are variable declarations and function calls, the compiler may not be able to correctly handle the region: firmware/nnet_utils/nnet_dense_latency.h:64:9
WARNING: [HLS 214-114] Since the only kind of statements allowed in a canonical dataflow region are variable declarations and function calls, the compiler may not be able to correctly handle the region: firmware/nnet_utils/nnet_dense_latency.h:79:2
WARNING: [HLS 214-104] Only for-loops and functions support the dataflow: firmware/nnet_utils/nnet_dense_latency.h:76:9
WARNING: [HLS 200-471] Dataflow form checks found 15 issue(s) in file firmware/lenet5.cpp
INFO: [HLS 200-111] Finished Linking Time (s): cpu = 00:00:04 ; elapsed = 00:00:57 . Memory (MB): peak = 955.879 ; gain = 859.824
INFO: [HLS 200-111] Finished Checking Pragmas Time (s): cpu = 00:00:04 ; elapsed = 00:00:57 . Memory (MB): peak = 955.879 ; gain = 859.824
INFO: [HLS 200-10] Starting code transformations ...
INFO: [XFORM 203-603] Inlining function 'nnet::product::WAGE_binary<ap_ufixed<1, 1, (ap_q_mode)1, (ap_o_mode)0, 0>, ap_fixed<2, -1, (ap_q_mode)5, (ap_o_mode)3, 0>, ap_fixed<5, 1, (ap_q_mode)5, (ap_o_mode)3, 0> >::product' into 'nnet::dense_resource_rf_leq_nin<ap_ufixed<1, 1, (ap_q_mode)1, (ap_o_mode)0, 0>, ap_ufixed<1, 1, (ap_q_mode)1, (ap_o_mode)0, 0>, config2_mult>' (firmware/nnet_utils/nnet_dense_resource.h:76).
INFO: [XFORM 203-603] Inlining function 'nnet::dense_resource_rf_leq_nin<ap_ufixed<1, 1, (ap_q_mode)1, (ap_o_mode)0, 0>, ap_ufixed<1, 1, (ap_q_mode)1, (ap_o_mode)0, 0>, config2_mult>' into 'nnet::dense_resource<ap_ufixed<1, 1, (ap_q_mode)1, (ap_o_mode)0, 0>, ap_ufixed<1, 1, (ap_q_mode)1, (ap_o_mode)0, 0>, config2_mult>' (firmware/nnet_utils/nnet_dense_resource.h:274).
INFO: [XFORM 203-603] Inlining function 'nnet::dense<ap_ufixed<1, 1, (ap_q_mode)1, (ap_o_mode)0, 0>, ap_ufixed<1, 1, (ap_q_mode)1, (ap_o_mode)0, 0>, config2_mult>' into 'nnet::conv_2d_resource_cl<ap_ufixed<1, 1, (ap_q_mode)1, (ap_o_mode)0, 0>, ap_ufixed<1, 1, (ap_q_mode)1, (ap_o_mode)0, 0>, config2>' (firmware/nnet_utils/nnet_conv2d_resource.h:206).
INFO: [XFORM 203-603] Inlining function 'nnet::product::WAGE_binary<ap_ufixed<1, 1, (ap_q_mode)1, (ap_o_mode)0, 0>, ap_fixed<2, -2, (ap_q_mode)5, (ap_o_mode)3, 0>, ap_fixed<8, 4, (ap_q_mode)5, (ap_o_mode)3, 0> >::product' into 'nnet::dense_resource_rf_leq_nin<ap_ufixed<1, 1, (ap_q_mode)1, (ap_o_mode)0, 0>, ap_ufixed<1, 1, (ap_q_mode)1, (ap_o_mode)0, 0>, config5_mult>' (firmware/nnet_utils/nnet_dense_resource.h:76).
INFO: [XFORM 203-603] Inlining function 'nnet::dense_resource_rf_leq_nin<ap_ufixed<1, 1, (ap_q_mode)1, (ap_o_mode)0, 0>, ap_ufixed<1, 1, (ap_q_mode)1, (ap_o_mode)0, 0>, config5_mult>' into 'nnet::dense_resource<ap_ufixed<1, 1, (ap_q_mode)1, (ap_o_mode)0, 0>, ap_ufixed<1, 1, (ap_q_mode)1, (ap_o_mode)0, 0>, config5_mult>' (firmware/nnet_utils/nnet_dense_resource.h:274).
INFO: [XFORM 203-603] Inlining function 'nnet::dense<ap_ufixed<1, 1, (ap_q_mode)1, (ap_o_mode)0, 0>, ap_ufixed<1, 1, (ap_q_mode)1, (ap_o_mode)0, 0>, config5_mult>' into 'nnet::conv_2d_resource_cl<ap_ufixed<1, 1, (ap_q_mode)1, (ap_o_mode)0, 0>, ap_ufixed<1, 1, (ap_q_mode)1, (ap_o_mode)0, 0>, config5>' (firmware/nnet_utils/nnet_conv2d_resource.h:206).
INFO: [XFORM 203-603] Inlining function 'nnet::product::WAGE_binary<ap_ufixed<1, 1, (ap_q_mode)1, (ap_o_mode)0, 0>, ap_fixed<2, -2, (ap_q_mode)5, (ap_o_mode)3, 0>, ap_fixed<7, 3, (ap_q_mode)5, (ap_o_mode)3, 0> >::product' into 'nnet::dense_resource_rf_leq_nin<ap_ufixed<1, 1, (ap_q_mode)1, (ap_o_mode)0, 0>, ap_ufixed<1, 1, (ap_q_mode)1, (ap_o_mode)0, 0>, config9>' (firmware/nnet_utils/nnet_dense_resource.h:76).
INFO: [XFORM 203-603] Inlining function 'nnet::product::WAGE_binary<ap_ufixed<1, 1, (ap_q_mode)1, (ap_o_mode)0, 0>, ap_fixed<2, -2, (ap_q_mode)5, (ap_o_mode)3, 0>, ap_fixed<7, 3, (ap_q_mode)5, (ap_o_mode)3, 0> >::product' into 'nnet::dense_resource_rf_leq_nin<ap_ufixed<1, 1, (ap_q_mode)1, (ap_o_mode)0, 0>, ap_ufixed<1, 1, (ap_q_mode)1, (ap_o_mode)0, 0>, config11>' (firmware/nnet_utils/nnet_dense_resource.h:76).
INFO: [XFORM 203-603] Inlining function 'nnet::product::WAGE_binary<ap_ufixed<1, 1, (ap_q_mode)1, (ap_o_mode)0, 0>, ap_fixed<2, -2, (ap_q_mode)5, (ap_o_mode)3, 0>, ap_fixed<7, 3, (ap_q_mode)5, (ap_o_mode)3, 0> >::product' into 'nnet::dense_resource_rf_leq_nin<ap_ufixed<1, 1, (ap_q_mode)1, (ap_o_mode)0, 0>, ap_fixed<7, 3, (ap_q_mode)5, (ap_o_mode)3, 0>, config13>' (firmware/nnet_utils/nnet_dense_resource.h:76).
INFO: [XFORM 203-603] Inlining function 'nnet::dense_resource_rf_leq_nin<ap_ufixed<1, 1, (ap_q_mode)1, (ap_o_mode)0, 0>, ap_ufixed<1, 1, (ap_q_mode)1, (ap_o_mode)0, 0>, config9>' into 'nnet::dense_resource<ap_ufixed<1, 1, (ap_q_mode)1, (ap_o_mode)0, 0>, ap_ufixed<1, 1, (ap_q_mode)1, (ap_o_mode)0, 0>, config9>' (firmware/nnet_utils/nnet_dense_resource.h:274).
INFO: [XFORM 203-603] Inlining function 'nnet::dense<ap_ufixed<1, 1, (ap_q_mode)1, (ap_o_mode)0, 0>, ap_ufixed<1, 1, (ap_q_mode)1, (ap_o_mode)0, 0>, config9>' into 'lenet5' (firmware/lenet5.cpp:91).
INFO: [XFORM 203-603] Inlining function 'nnet::dense_resource_rf_leq_nin<ap_ufixed<1, 1, (ap_q_mode)1, (ap_o_mode)0, 0>, ap_ufixed<1, 1, (ap_q_mode)1, (ap_o_mode)0, 0>, config11>' into 'nnet::dense_resource<ap_ufixed<1, 1, (ap_q_mode)1, (ap_o_mode)0, 0>, ap_ufixed<1, 1, (ap_q_mode)1, (ap_o_mode)0, 0>, config11>' (firmware/nnet_utils/nnet_dense_resource.h:274).
INFO: [XFORM 203-603] Inlining function 'nnet::dense<ap_ufixed<1, 1, (ap_q_mode)1, (ap_o_mode)0, 0>, ap_ufixed<1, 1, (ap_q_mode)1, (ap_o_mode)0, 0>, config11>' into 'lenet5' (firmware/lenet5.cpp:95).
INFO: [XFORM 203-603] Inlining function 'nnet::dense_resource_rf_leq_nin<ap_ufixed<1, 1, (ap_q_mode)1, (ap_o_mode)0, 0>, ap_fixed<7, 3, (ap_q_mode)5, (ap_o_mode)3, 0>, config13>' into 'nnet::dense_resource<ap_ufixed<1, 1, (ap_q_mode)1, (ap_o_mode)0, 0>, ap_fixed<7, 3, (ap_q_mode)5, (ap_o_mode)3, 0>, config13>' (firmware/nnet_utils/nnet_dense_resource.h:274).
INFO: [XFORM 203-603] Inlining function 'nnet::dense<ap_ufixed<1, 1, (ap_q_mode)1, (ap_o_mode)0, 0>, ap_fixed<7, 3, (ap_q_mode)5, (ap_o_mode)3, 0>, config13>' into 'lenet5' (firmware/lenet5.cpp:99).
INFO: [HLS 200-111] Finished Standard Transforms Time (s): cpu = 00:00:24 ; elapsed = 00:01:18 . Memory (MB): peak = 955.879 ; gain = 859.824
INFO: [HLS 200-10] Checking synthesizability ...
INFO: [XFORM 203-602] Inlining function 'nnet::max<ap_ufixed<1, 1, (ap_q_mode)1, (ap_o_mode)0, 0>, 4>' into 'nnet::pool_op<ap_ufixed<1, 1, (ap_q_mode)1, (ap_o_mode)0, 0>, 4, (nnet::Pool_Op)0>' (firmware/nnet_utils/nnet_pooling.h:61) automatically.
INFO: [XFORM 203-602] Inlining function 'nnet::pool_op_limit<config4>' into 'nnet::pooling2d_cl<ap_ufixed<1, 1, (ap_q_mode)1, (ap_o_mode)0, 0>, ap_ufixed<1, 1, (ap_q_mode)1, (ap_o_mode)0, 0>, config4>' (firmware/nnet_utils/nnet_pooling.h:199) automatically.
INFO: [XFORM 203-602] Inlining function 'nnet::pad_val<ap_ufixed<1, 1, (ap_q_mode)1, (ap_o_mode)0, 0>, (nnet::Pool_Op)0>' into 'nnet::pooling2d_cl<ap_ufixed<1, 1, (ap_q_mode)1, (ap_o_mode)0, 0>, ap_ufixed<1, 1, (ap_q_mode)1, (ap_o_mode)0, 0>, config4>' (firmware/nnet_utils/nnet_pooling.h:223) automatically.
INFO: [XFORM 203-602] Inlining function 'nnet::pool_op<ap_ufixed<1, 1, (ap_q_mode)1, (ap_o_mode)0, 0>, 4, (nnet::Pool_Op)0>' into 'nnet::pooling2d_cl<ap_ufixed<1, 1, (ap_q_mode)1, (ap_o_mode)0, 0>, ap_ufixed<1, 1, (ap_q_mode)1, (ap_o_mode)0, 0>, config4>' (firmware/nnet_utils/nnet_pooling.h:234) automatically.
INFO: [XFORM 203-602] Inlining function 'nnet::pool_op_limit<config7>' into 'nnet::pooling2d_cl<ap_ufixed<1, 1, (ap_q_mode)1, (ap_o_mode)0, 0>, ap_ufixed<1, 1, (ap_q_mode)1, (ap_o_mode)0, 0>, config7>' (firmware/nnet_utils/nnet_pooling.h:199) automatically.
INFO: [XFORM 203-602] Inlining function 'nnet::pad_val<ap_ufixed<1, 1, (ap_q_mode)1, (ap_o_mode)0, 0>, (nnet::Pool_Op)0>' into 'nnet::pooling2d_cl<ap_ufixed<1, 1, (ap_q_mode)1, (ap_o_mode)0, 0>, ap_ufixed<1, 1, (ap_q_mode)1, (ap_o_mode)0, 0>, config7>' (firmware/nnet_utils/nnet_pooling.h:223) automatically.
INFO: [XFORM 203-602] Inlining function 'nnet::pool_op<ap_ufixed<1, 1, (ap_q_mode)1, (ap_o_mode)0, 0>, 4, (nnet::Pool_Op)0>' into 'nnet::pooling2d_cl<ap_ufixed<1, 1, (ap_q_mode)1, (ap_o_mode)0, 0>, ap_ufixed<1, 1, (ap_q_mode)1, (ap_o_mode)0, 0>, config7>' (firmware/nnet_utils/nnet_pooling.h:234) automatically.
INFO: [HLS 200-111] Finished Checking Synthesizability Time (s): cpu = 00:00:25 ; elapsed = 00:01:20 . Memory (MB): peak = 955.879 ; gain = 859.824
INFO: [XFORM 203-502] Unrolling all loops for pipelining in function 'nnet::linear<ap_fixed<7, 3, (ap_q_mode)5, (ap_o_mode)3, 0>, ap_ufixed<1, 1, (ap_q_mode)1, (ap_o_mode)0, 0>, linear_config14>' (firmware/nnet_utils/nnet_activation.h:51:39).
INFO: [XFORM 203-502] Unrolling all sub-loops inside loop 'ReuseLoop' (firmware/nnet_utils/nnet_dense_resource.h:64) in function 'nnet::dense_resource<ap_ufixed<1, 1, (ap_q_mode)1, (ap_o_mode)0, 0>, ap_fixed<7, 3, (ap_q_mode)5, (ap_o_mode)3, 0>, config13>' for pipelining.
INFO: [XFORM 203-502] Unrolling all sub-loops inside loop 'ReuseLoop' (firmware/nnet_utils/nnet_dense_resource.h:64) in function 'nnet::dense_resource<ap_ufixed<1, 1, (ap_q_mode)1, (ap_o_mode)0, 0>, ap_ufixed<1, 1, (ap_q_mode)1, (ap_o_mode)0, 0>, config11>' for pipelining.
INFO: [XFORM 203-502] Unrolling all sub-loops inside loop 'ReuseLoop' (firmware/nnet_utils/nnet_dense_resource.h:64) in function 'nnet::dense_resource<ap_ufixed<1, 1, (ap_q_mode)1, (ap_o_mode)0, 0>, ap_ufixed<1, 1, (ap_q_mode)1, (ap_o_mode)0, 0>, config9>' for pipelining.
INFO: [XFORM 203-502] Unrolling all sub-loops inside loop 'WidthLoop' (firmware/nnet_utils/nnet_conv2d_resource.h:203) in function 'nnet::conv_2d_resource_cl<ap_ufixed<1, 1, (ap_q_mode)1, (ap_o_mode)0, 0>, ap_ufixed<1, 1, (ap_q_mode)1, (ap_o_mode)0, 0>, config5>' for pipelining.
INFO: [XFORM 203-502] Unrolling all loops for pipelining in function 'nnet::dense_resource<ap_ufixed<1, 1, (ap_q_mode)1, (ap_o_mode)0, 0>, ap_ufixed<1, 1, (ap_q_mode)1, (ap_o_mode)0, 0>, config5_mult>' (firmware/nnet_utils/nnet_dense_resource.h:51:48).
WARNING: [XFORM 203-505] Ignored pipeline directive for loop 'ReuseLoop' (firmware/nnet_utils/nnet_dense_resource.h:64) because its parent loop or function is pipelined.
INFO: [XFORM 203-502] Unrolling all loops for pipelining in function 'nnet::im2col_2d_cl<ap_ufixed<1, 1, (ap_q_mode)1, (ap_o_mode)0, 0>, config5>' (firmware/nnet_utils/nnet_conv2d_resource.h:157:25).
INFO: [XFORM 203-502] Unrolling all sub-loops inside loop 'WidthLoop' (firmware/nnet_utils/nnet_conv2d_resource.h:203) in function 'nnet::conv_2d_resource_cl<ap_ufixed<1, 1, (ap_q_mode)1, (ap_o_mode)0, 0>, ap_ufixed<1, 1, (ap_q_mode)1, (ap_o_mode)0, 0>, config2>' for pipelining.
INFO: [XFORM 203-502] Unrolling all loops for pipelining in function 'nnet::dense_resource<ap_ufixed<1, 1, (ap_q_mode)1, (ap_o_mode)0, 0>, ap_ufixed<1, 1, (ap_q_mode)1, (ap_o_mode)0, 0>, config2_mult>' (firmware/nnet_utils/nnet_dense_resource.h:51:45).
WARNING: [XFORM 203-505] Ignored pipeline directive for loop 'ReuseLoop' (firmware/nnet_utils/nnet_dense_resource.h:64) because its parent loop or function is pipelined.
INFO: [XFORM 203-502] Unrolling all loops for pipelining in function 'nnet::im2col_2d_cl<ap_ufixed<1, 1, (ap_q_mode)1, (ap_o_mode)0, 0>, config2>' (firmware/nnet_utils/nnet_conv2d_resource.h:157:25).
INFO: [HLS 200-489] Unrolling loop 'Loop-1' (firmware/nnet_utils/nnet_activation.h:55) in function 'nnet::linear<ap_fixed<7, 3, (ap_q_mode)5, (ap_o_mode)3, 0>, ap_ufixed<1, 1, (ap_q_mode)1, (ap_o_mode)0, 0>, linear_config14>' completely with a factor of 10.
INFO: [HLS 200-489] Unrolling loop 'InitAccum' (firmware/nnet_utils/nnet_dense_resource.h:58) in function 'nnet::dense_resource<ap_ufixed<1, 1, (ap_q_mode)1, (ap_o_mode)0, 0>, ap_fixed<7, 3, (ap_q_mode)5, (ap_o_mode)3, 0>, config13>' completely with a factor of 10.
INFO: [HLS 200-489] Unrolling loop 'MultLoop' (firmware/nnet_utils/nnet_dense_resource.h:73) in function 'nnet::dense_resource<ap_ufixed<1, 1, (ap_q_mode)1, (ap_o_mode)0, 0>, ap_fixed<7, 3, (ap_q_mode)5, (ap_o_mode)3, 0>, config13>' completely with a factor of 420.
INFO: [HLS 200-489] Unrolling loop 'Result' (firmware/nnet_utils/nnet_dense_resource.h:97) in function 'nnet::dense_resource<ap_ufixed<1, 1, (ap_q_mode)1, (ap_o_mode)0, 0>, ap_fixed<7, 3, (ap_q_mode)5, (ap_o_mode)3, 0>, config13>' completely with a factor of 10.
INFO: [HLS 200-489] Unrolling loop 'InitAccum' (firmware/nnet_utils/nnet_dense_resource.h:58) in function 'nnet::dense_resource<ap_ufixed<1, 1, (ap_q_mode)1, (ap_o_mode)0, 0>, ap_ufixed<1, 1, (ap_q_mode)1, (ap_o_mode)0, 0>, config11>' completely with a factor of 84.
INFO: [HLS 200-489] Unrolling loop 'MultLoop' (firmware/nnet_utils/nnet_dense_resource.h:73) in function 'nnet::dense_resource<ap_ufixed<1, 1, (ap_q_mode)1, (ap_o_mode)0, 0>, ap_ufixed<1, 1, (ap_q_mode)1, (ap_o_mode)0, 0>, config11>' completely with a factor of 5040.
INFO: [HLS 200-489] Unrolling loop 'Result' (firmware/nnet_utils/nnet_dense_resource.h:97) in function 'nnet::dense_resource<ap_ufixed<1, 1, (ap_q_mode)1, (ap_o_mode)0, 0>, ap_ufixed<1, 1, (ap_q_mode)1, (ap_o_mode)0, 0>, config11>' completely with a factor of 84.
INFO: [HLS 200-489] Unrolling loop 'InitAccum' (firmware/nnet_utils/nnet_dense_resource.h:58) in function 'nnet::dense_resource<ap_ufixed<1, 1, (ap_q_mode)1, (ap_o_mode)0, 0>, ap_ufixed<1, 1, (ap_q_mode)1, (ap_o_mode)0, 0>, config9>' completely with a factor of 120.
INFO: [HLS 200-489] Unrolling loop 'MultLoop' (firmware/nnet_utils/nnet_dense_resource.h:73) in function 'nnet::dense_resource<ap_ufixed<1, 1, (ap_q_mode)1, (ap_o_mode)0, 0>, ap_ufixed<1, 1, (ap_q_mode)1, (ap_o_mode)0, 0>, config9>' completely with a factor of 7680.
INFO: [HLS 200-489] Unrolling loop 'Result' (firmware/nnet_utils/nnet_dense_resource.h:97) in function 'nnet::dense_resource<ap_ufixed<1, 1, (ap_q_mode)1, (ap_o_mode)0, 0>, ap_ufixed<1, 1, (ap_q_mode)1, (ap_o_mode)0, 0>, config9>' completely with a factor of 120.
INFO: [HLS 200-489] Unrolling loop 'FiltLoop' (firmware/nnet_utils/nnet_conv2d_resource.h:208) in function 'nnet::conv_2d_resource_cl<ap_ufixed<1, 1, (ap_q_mode)1, (ap_o_mode)0, 0>, ap_ufixed<1, 1, (ap_q_mode)1, (ap_o_mode)0, 0>, config5>' completely with a factor of 8.
INFO: [HLS 200-489] Unrolling loop 'InitAccum' (firmware/nnet_utils/nnet_dense_resource.h:58) in function 'nnet::dense_resource<ap_ufixed<1, 1, (ap_q_mode)1, (ap_o_mode)0, 0>, ap_ufixed<1, 1, (ap_q_mode)1, (ap_o_mode)0, 0>, config5_mult>' completely with a factor of 8.
INFO: [HLS 200-489] Unrolling loop 'ReuseLoop' (firmware/nnet_utils/nnet_dense_resource.h:64) in function 'nnet::dense_resource<ap_ufixed<1, 1, (ap_q_mode)1, (ap_o_mode)0, 0>, ap_ufixed<1, 1, (ap_q_mode)1, (ap_o_mode)0, 0>, config5_mult>' completely with a factor of 5.
INFO: [HLS 200-489] Unrolling loop 'MultLoop' (firmware/nnet_utils/nnet_dense_resource.h:73) in function 'nnet::dense_resource<ap_ufixed<1, 1, (ap_q_mode)1, (ap_o_mode)0, 0>, ap_ufixed<1, 1, (ap_q_mode)1, (ap_o_mode)0, 0>, config5_mult>' completely with a factor of 240.
INFO: [HLS 200-489] Unrolling loop 'Result' (firmware/nnet_utils/nnet_dense_resource.h:97) in function 'nnet::dense_resource<ap_ufixed<1, 1, (ap_q_mode)1, (ap_o_mode)0, 0>, ap_ufixed<1, 1, (ap_q_mode)1, (ap_o_mode)0, 0>, config5_mult>' completely with a factor of 8.
INFO: [HLS 200-489] Unrolling loop 'Loop-1' (firmware/nnet_utils/nnet_conv2d_resource.h:157) in function 'nnet::im2col_2d_cl<ap_ufixed<1, 1, (ap_q_mode)1, (ap_o_mode)0, 0>, config5>' completely with a factor of 5.
INFO: [HLS 200-489] Unrolling loop 'Loop-1.1' (firmware/nnet_utils/nnet_conv2d_resource.h:160) in function 'nnet::im2col_2d_cl<ap_ufixed<1, 1, (ap_q_mode)1, (ap_o_mode)0, 0>, config5>' completely with a factor of 5.
INFO: [HLS 200-489] Unrolling loop 'Loop-1.1.1' (firmware/nnet_utils/nnet_conv2d_resource.h:161) in function 'nnet::im2col_2d_cl<ap_ufixed<1, 1, (ap_q_mode)1, (ap_o_mode)0, 0>, config5>' completely with a factor of 6.
INFO: [HLS 200-489] Unrolling loop 'FiltLoop' (firmware/nnet_utils/nnet_conv2d_resource.h:208) in function 'nnet::conv_2d_resource_cl<ap_ufixed<1, 1, (ap_q_mode)1, (ap_o_mode)0, 0>, ap_ufixed<1, 1, (ap_q_mode)1, (ap_o_mode)0, 0>, config2>' completely with a factor of 6.
INFO: [HLS 200-489] Unrolling loop 'InitAccum' (firmware/nnet_utils/nnet_dense_resource.h:58) in function 'nnet::dense_resource<ap_ufixed<1, 1, (ap_q_mode)1, (ap_o_mode)0, 0>, ap_ufixed<1, 1, (ap_q_mode)1, (ap_o_mode)0, 0>, config2_mult>' completely with a factor of 6.
INFO: [HLS 200-489] Unrolling loop 'ReuseLoop' (firmware/nnet_utils/nnet_dense_resource.h:64) in function 'nnet::dense_resource<ap_ufixed<1, 1, (ap_q_mode)1, (ap_o_mode)0, 0>, ap_ufixed<1, 1, (ap_q_mode)1, (ap_o_mode)0, 0>, config2_mult>' completely with a factor of 5.
INFO: [HLS 200-489] Unrolling loop 'MultLoop' (firmware/nnet_utils/nnet_dense_resource.h:73) in function 'nnet::dense_resource<ap_ufixed<1, 1, (ap_q_mode)1, (ap_o_mode)0, 0>, ap_ufixed<1, 1, (ap_q_mode)1, (ap_o_mode)0, 0>, config2_mult>' completely with a factor of 30.
INFO: [HLS 200-489] Unrolling loop 'Result' (firmware/nnet_utils/nnet_dense_resource.h:97) in function 'nnet::dense_resource<ap_ufixed<1, 1, (ap_q_mode)1, (ap_o_mode)0, 0>, ap_ufixed<1, 1, (ap_q_mode)1, (ap_o_mode)0, 0>, config2_mult>' completely with a factor of 6.
INFO: [HLS 200-489] Unrolling loop 'Loop-1' (firmware/nnet_utils/nnet_conv2d_resource.h:157) in function 'nnet::im2col_2d_cl<ap_ufixed<1, 1, (ap_q_mode)1, (ap_o_mode)0, 0>, config2>' completely with a factor of 5.
INFO: [HLS 200-489] Unrolling loop 'Loop-1.1' (firmware/nnet_utils/nnet_conv2d_resource.h:160) in function 'nnet::im2col_2d_cl<ap_ufixed<1, 1, (ap_q_mode)1, (ap_o_mode)0, 0>, config2>' completely with a factor of 5.
INFO: [HLS 200-489] Unrolling loop 'Loop-1.1.1' (firmware/nnet_utils/nnet_conv2d_resource.h:161) in function 'nnet::im2col_2d_cl<ap_ufixed<1, 1, (ap_q_mode)1, (ap_o_mode)0, 0>, config2>' completely with a factor of 1.
INFO: [XFORM 203-131] Reshaping array 'conv2d_input.V' (firmware/lenet5.cpp:34) in dimension 1 completely.
INFO: [XFORM 203-131] Reshaping array 'w13.V'  in dimension 1 with a block factor of 420.
INFO: [XFORM 203-131] Reshaping array 'w11.V'  in dimension 1 with a block factor of 5040.
INFO: [XFORM 203-131] Reshaping array 'w9.V'  in dimension 1 with a block factor of 7680.
INFO: [XFORM 203-131] Reshaping array 'w5.V'  in dimension 1 with a block factor of 240.
INFO: [XFORM 203-131] Reshaping array 'w2.V'  in dimension 1 with a block factor of 30.
INFO: [XFORM 203-101] Partitioning array 'layer14_out.V' (firmware/lenet5.cpp:35) in dimension 1 completely.
INFO: [XFORM 203-101] Partitioning array 'layer2_out.V' (firmware/lenet5.cpp:73) in dimension 1 completely.
INFO: [XFORM 203-101] Partitioning array 'layer4_out.V' (firmware/lenet5.cpp:77) in dimension 1 completely.
INFO: [XFORM 203-101] Partitioning array 'layer5_out.V' (firmware/lenet5.cpp:81) in dimension 1 completely.
INFO: [XFORM 203-101] Partitioning array 'layer7_out.V' (firmware/lenet5.cpp:85) in dimension 1 completely.
INFO: [XFORM 203-101] Partitioning array 'layer9_out.V' (firmware/lenet5.cpp:89) in dimension 1 completely.
INFO: [XFORM 203-101] Partitioning array 'layer11_out.V' (firmware/lenet5.cpp:93) in dimension 1 completely.
INFO: [XFORM 203-101] Partitioning array 'layer13_out.V' (firmware/lenet5.cpp:97) in dimension 1 completely.
INFO: [XFORM 203-101] Partitioning array 'data_col.V' (firmware/nnet_utils/nnet_conv2d_resource.h:194) in dimension 1 completely.
INFO: [XFORM 203-101] Partitioning array 'res_col'  in dimension 1 completely.
INFO: [XFORM 203-101] Partitioning array 'b13.V'  in dimension 1 completely.
INFO: [XFORM 203-101] Partitioning array 'acc.V' (firmware/nnet_utils/nnet_dense_resource.h:54) in dimension 1 completely.
INFO: [XFORM 203-101] Partitioning array 'b11.V'  in dimension 1 completely.
INFO: [XFORM 203-101] Partitioning array 'acc.V' (firmware/nnet_utils/nnet_dense_resource.h:54) in dimension 1 completely.
INFO: [XFORM 203-101] Partitioning array 'b9.V'  in dimension 1 completely.
INFO: [XFORM 203-101] Partitioning array 'acc.V' (firmware/nnet_utils/nnet_dense_resource.h:54) in dimension 1 completely.
INFO: [XFORM 203-101] Partitioning array 'data_col.V' (firmware/nnet_utils/nnet_conv2d_resource.h:194) in dimension 1 completely.
INFO: [XFORM 203-101] Partitioning array 'res_col'  in dimension 1 completely.
INFO: [XFORM 203-101] Partitioning array 'b5.V'  in dimension 1 completely.
INFO: [XFORM 203-101] Partitioning array 'acc.V' (firmware/nnet_utils/nnet_dense_resource.h:54) in dimension 1 completely.
INFO: [XFORM 203-101] Partitioning array 'b2.V'  in dimension 1 completely.
INFO: [XFORM 203-101] Partitioning array 'acc.V' (firmware/nnet_utils/nnet_dense_resource.h:54) in dimension 1 completely.
WARNING: [XFORM 203-104] Completely partitioning array 'layer2_out.V' (firmware/lenet5.cpp:73) accessed through non-constant indices on dimension 1 (firmware/nnet_utils/nnet_conv2d_resource.h:209:17), which may result in long runtime and suboptimal QoR due to large multiplexers. Please consider wrapping the array access into a function or using a register file core instead.
WARNING: [XFORM 203-104] Completely partitioning array 'layer11_out.V' (firmware/lenet5.cpp:93) accessed through non-constant indices on dimension 1 (firmware/nnet_utils/nnet_dense_resource.h:76:20), which may result in long runtime and suboptimal QoR due to large multiplexers. Please consider wrapping the array access into a function or using a register file core instead.
WARNING: [XFORM 203-104] Completely partitioning array 'layer9_out.V' (firmware/lenet5.cpp:89) accessed through non-constant indices on dimension 1 (firmware/nnet_utils/nnet_dense_resource.h:76:20), which may result in long runtime and suboptimal QoR due to large multiplexers. Please consider wrapping the array access into a function or using a register file core instead.
WARNING: [XFORM 203-104] Completely partitioning array 'layer7_out.V' (firmware/lenet5.cpp:85) accessed through non-constant indices on dimension 1 (firmware/nnet_utils/nnet_dense_resource.h:76:20), which may result in long runtime and suboptimal QoR due to large multiplexers. Please consider wrapping the array access into a function or using a register file core instead.
WARNING: [XFORM 203-104] Completely partitioning array 'layer5_out.V' (firmware/lenet5.cpp:81) accessed through non-constant indices on dimension 1 (firmware/nnet_utils/nnet_pooling.h:225:10), which may result in long runtime and suboptimal QoR due to large multiplexers. Please consider wrapping the array access into a function or using a register file core instead.
WARNING: [XFORM 203-104] Completely partitioning array 'layer4_out.V' (firmware/lenet5.cpp:77) accessed through non-constant indices on dimension 1 (firmware/nnet_utils/nnet_conv2d_resource.h:167:25), which may result in long runtime and suboptimal QoR due to large multiplexers. Please consider wrapping the array access into a function or using a register file core instead.
INFO: [XFORM 203-602] Inlining function 'nnet::max<ap_ufixed<1, 1, (ap_q_mode)1, (ap_o_mode)0, 0>, 4>' into 'nnet::pool_op<ap_ufixed<1, 1, (ap_q_mode)1, (ap_o_mode)0, 0>, 4, (nnet::Pool_Op)0>' (firmware/nnet_utils/nnet_pooling.h:61) automatically.
INFO: [XFORM 203-602] Inlining function 'nnet::pad_val<ap_ufixed<1, 1, (ap_q_mode)1, (ap_o_mode)0, 0>, (nnet::Pool_Op)0>' into 'nnet::pooling2d_cl<ap_ufixed<1, 1, (ap_q_mode)1, (ap_o_mode)0, 0>, ap_ufixed<1, 1, (ap_q_mode)1, (ap_o_mode)0, 0>, config4>' (firmware/nnet_utils/nnet_pooling.h:223) automatically.
INFO: [XFORM 203-602] Inlining function 'nnet::pool_op<ap_ufixed<1, 1, (ap_q_mode)1, (ap_o_mode)0, 0>, 4, (nnet::Pool_Op)0>' into 'nnet::pooling2d_cl<ap_ufixed<1, 1, (ap_q_mode)1, (ap_o_mode)0, 0>, ap_ufixed<1, 1, (ap_q_mode)1, (ap_o_mode)0, 0>, config4>' (firmware/nnet_utils/nnet_pooling.h:234) automatically.
INFO: [XFORM 203-602] Inlining function 'nnet::pad_val<ap_ufixed<1, 1, (ap_q_mode)1, (ap_o_mode)0, 0>, (nnet::Pool_Op)0>' into 'nnet::pooling2d_cl<ap_ufixed<1, 1, (ap_q_mode)1, (ap_o_mode)0, 0>, ap_ufixed<1, 1, (ap_q_mode)1, (ap_o_mode)0, 0>, config7>' (firmware/nnet_utils/nnet_pooling.h:223) automatically.
INFO: [XFORM 203-602] Inlining function 'nnet::pool_op<ap_ufixed<1, 1, (ap_q_mode)1, (ap_o_mode)0, 0>, 4, (nnet::Pool_Op)0>' into 'nnet::pooling2d_cl<ap_ufixed<1, 1, (ap_q_mode)1, (ap_o_mode)0, 0>, ap_ufixed<1, 1, (ap_q_mode)1, (ap_o_mode)0, 0>, config7>' (firmware/nnet_utils/nnet_pooling.h:234) automatically.
